<?xml version="1.0" encoding="UTF-8"?>
<robot generator="Robot 6.0.2 (Python 3.11.2 on win32)" generated="20230711 16:00:12.819" rpa="false" schemaversion="3">
<suite id="s1" name="Json" source="C:\Users\thesari\PycharmProjects\ApiTesten\json.robot">
<test id="s1-t1" name="TC01 Validate JSON File" line="8">
<kw name="Load Json From File" library="JSONLibrary">
<var>${json_obj}</var>
<arg>C:/Users/thesari/PycharmProjects/testdata.json</arg>
<doc>Load JSON from file.</doc>
<msg timestamp="20230711 16:00:13.011" level="INFO">${json_obj} = {'firstName': 'John', 'lastName': 'Smith', 'age': 25, 'address': {'streetAddress': '21 2nd Street', 'city': 'New York', 'state': 'NY', 'postalCode': '10021'}, 'phoneNumber': [{'type': 'home', 'number'...</msg>
<status status="PASS" starttime="20230711 16:00:13.010" endtime="20230711 16:00:13.011"/>
</kw>
<kw name="Get Value From Json" library="JSONLibrary">
<var>${name_value}</var>
<arg>${json_obj}</arg>
<arg>$.firstName</arg>
<doc>Get Value From JSON using JSONPath</doc>
<msg timestamp="20230711 16:00:13.033" level="INFO">${name_value} = ['John']</msg>
<status status="PASS" starttime="20230711 16:00:13.011" endtime="20230711 16:00:13.033"/>
</kw>
<kw name="Log To Console" library="BuiltIn">
<arg>${name_value[0]}</arg>
<doc>Logs the given message to the console.</doc>
<status status="PASS" starttime="20230711 16:00:13.033" endtime="20230711 16:00:13.035"/>
</kw>
<status status="PASS" starttime="20230711 16:00:13.009" endtime="20230711 16:00:13.035"/>
</test>
<status status="PASS" starttime="20230711 16:00:12.820" endtime="20230711 16:00:13.037"/>
</suite>
<statistics>
<total>
<stat pass="1" fail="0" skip="0">All Tests</stat>
</total>
<tag>
</tag>
<suite>
<stat pass="1" fail="0" skip="0" id="s1" name="Json">Json</stat>
</suite>
</statistics>
<errors>
</errors>
</robot>
